INFO: Running with entropic power schedule (0xFF, 100).
INFO: Seed: 2977732271
MERGE-OUTER: 22389 files, 0 in the initial corpus, 0 processed earlier
MERGE-OUTER: attempt 1
INFO: Running with entropic power schedule (0xFF, 100).
INFO: Seed: 2977869803
INFO: -max_len is not provided; libFuzzer will not generate inputs larger than 1048576 bytes
MERGE-INNER: using the control file '/tmp/libFuzzerTemp.Merge195.txt'
MERGE-INNER: 22389 total files; 0 processed earlier; will process 22389 files now
#1	pulse  exec/s: 0 rss: 38Mb
#2	pulse  exec/s: 0 rss: 38Mb
#4	pulse  exec/s: 0 rss: 38Mb
#8	pulse  exec/s: 0 rss: 39Mb
#16	pulse  exec/s: 0 rss: 39Mb
#32	pulse  exec/s: 0 rss: 39Mb
#64	pulse  exec/s: 0 rss: 39Mb
#128	pulse  exec/s: 0 rss: 39Mb
#256	pulse  exec/s: 0 rss: 39Mb
#512	pulse  exec/s: 0 rss: 39Mb
#1024	pulse  exec/s: 0 rss: 40Mb
#2048	pulse  exec/s: 0 rss: 40Mb
#4096	pulse  exec/s: 0 rss: 40Mb
#8192	pulse  exec/s: 0 rss: 40Mb
#16384	pulse  exec/s: 16384 rss: 41Mb
#22389	DONE   exec/s: 5597 rss: 91Mb
MERGE-OUTER: successful in 1 attempt(s)
MERGE-OUTER: the control file has 2659983 bytes
MERGE-OUTER: consumed 1Mb (38Mb rss) to parse the control file
MERGE-OUTER: 0 new files with 0 new features added; 0 new coverage edges
