INFO: Running with entropic power schedule (0xFF, 100).
INFO: Seed: 511661001
MERGE-OUTER: 22479 files, 0 in the initial corpus, 0 processed earlier
MERGE-OUTER: attempt 1
INFO: Running with entropic power schedule (0xFF, 100).
INFO: Seed: 511806017
INFO: -max_len is not provided; libFuzzer will not generate inputs larger than 1048576 bytes
MERGE-INNER: using the control file '/tmp/libFuzzerTemp.Merge197.txt'
MERGE-INNER: 22479 total files; 0 processed earlier; will process 22479 files now
#1	pulse  exec/s: 0 rss: 38Mb
#2	pulse  exec/s: 0 rss: 39Mb
#4	pulse  exec/s: 0 rss: 40Mb
#8	pulse  exec/s: 0 rss: 40Mb
#16	pulse  exec/s: 0 rss: 40Mb
#32	pulse  exec/s: 0 rss: 40Mb
#64	pulse  exec/s: 0 rss: 40Mb
#128	pulse  exec/s: 0 rss: 40Mb
#256	pulse  exec/s: 0 rss: 40Mb
#512	pulse  exec/s: 0 rss: 40Mb
#1024	pulse  exec/s: 0 rss: 40Mb
#2048	pulse  exec/s: 0 rss: 40Mb
#4096	pulse  exec/s: 0 rss: 40Mb
#8192	pulse  exec/s: 8192 rss: 40Mb
#16384	pulse  exec/s: 5461 rss: 41Mb
#22479	DONE   exec/s: 3211 rss: 41Mb
MERGE-OUTER: successful in 1 attempt(s)
MERGE-OUTER: the control file has 2652436 bytes
MERGE-OUTER: consumed 1Mb (39Mb rss) to parse the control file
MERGE-OUTER: 0 new files with 0 new features added; 0 new coverage edges
